2026-02-04T09:23:59+00:00 - POST avatar: Array
(
    [update_avatar] => 1
)

FILES: Array
(
    [avatar] => Array
        (
            [name] => visible.png
            [full_path] => visible.png
            [type] => image/png
            [tmp_name] => /tmp/phpO4fJ6o
            [error] => 0
            [size] => 461642
        )

)

2026-02-04T09:27:50+00:00 - POST avatar: Array
(
    [update_avatar] => 1
)

FILES: Array
(
    [avatar] => Array
        (
            [name] => Sazulis-logo4.webp
            [full_path] => Sazulis-logo4.webp
            [type] => image/webp
            [tmp_name] => /tmp/php8WfuX7
            [error] => 0
            [size] => 38448
        )

)

2026-02-04T09:28:28+00:00 - POST avatar: Array
(
    [update_avatar] => 1
)

FILES: Array
(
    [avatar] => Array
        (
            [name] => Sazulis-logo4.webp
            [full_path] => Sazulis-logo4.webp
            [type] => image/webp
            [tmp_name] => /tmp/phpF6GVyD
            [error] => 0
            [size] => 38448
        )

)

2026-02-04T09:28:38+00:00 - POST avatar: Array
(
    [update_avatar] => 1
)

FILES: Array
(
    [avatar] => Array
        (
            [name] => Sazulis-logo4.webp
            [full_path] => Sazulis-logo4.webp
            [type] => image/webp
            [tmp_name] => /tmp/phpmLAvrE
            [error] => 0
            [size] => 38448
        )

)

2026-02-04T09:36:38+00:00 - POST avatar: Array
(
    [update_avatar] => 1
)

FILES: Array
(
    [avatar] => Array
        (
            [name] => Sazulis-logo4.webp
            [full_path] => Sazulis-logo4.webp
            [type] => image/webp
            [tmp_name] => /tmp/phpr7sK3P
            [error] => 0
            [size] => 38448
        )

)

2026-02-04T09:36:49+00:00 - POST avatar: Array
(
    [update_avatar] => 1
)

FILES: Array
(
    [avatar] => Array
        (
            [name] => visible.jpg
            [full_path] => visible.jpg
            [type] => image/jpeg
            [tmp_name] => /tmp/php18SDoM
            [error] => 0
            [size] => 85060
        )

)

2026-02-04T09:41:23+00:00 - POST avatar: Array
(
    [update_avatar] => 1
)

FILES: Array
(
    [avatar] => Array
        (
            [name] => Sazulis-tampon0000.png
            [full_path] => Sazulis-tampon0000.png
            [type] => image/png
            [tmp_name] => /tmp/phpayzzL9
            [error] => 0
            [size] => 709782
        )

)

2026-02-04T09:41:56+00:00 - POST avatar: Array
(
    [update_avatar] => 1
)

FILES: Array
(
    [avatar] => Array
        (
            [name] => Sazulis-tampon.png
            [full_path] => Sazulis-tampon.png
            [type] => image/png
            [tmp_name] => /tmp/phpZ79j2P
            [error] => 0
            [size] => 655649
        )

)

2026-02-04T09:44:20+00:00 - POST avatar: Array
(
    [update_avatar] => 1
)

FILES: Array
(
    [avatar] => Array
        (
            [name] => Sazulis-tampon0000.png
            [full_path] => Sazulis-tampon0000.png
            [type] => image/png
            [tmp_name] => /tmp/phpkHePFG
            [error] => 0
            [size] => 709782
        )

)

2026-02-04T09:46:03+00:00 - POST avatar: Array
(
    [update_avatar] => 1
)

FILES: Array
(
    [avatar] => Array
        (
            [name] => Sazulis-logo4.webp
            [full_path] => Sazulis-logo4.webp
            [type] => image/webp
            [tmp_name] => /tmp/phpbeUrj9
            [error] => 0
            [size] => 38448
        )

)

